.git-rewrite/t/Mobile Computing MCrew/Library/Bee/Android/Prj/Mono2x/Gradle/launcher/build/outputs/logs/manifest-merger-release-report.txt
-- Merging decision tree log ---
manifest
ADDED from src/main/AndroidManifest.xml:2:1-5:12
INJECTED from src/main/AndroidManifest.xml:2:1-5:12
INJECTED from src/main/AndroidManifest.xml:2:1-5:12
INJECTED from src/main/AndroidManifest.xml:2:1-5:12
MERGED from [:unityLibrary] AndroidManifest.xml:2:1-99:12
MERGED from [:InteractionSdk:] AndroidManifest.xml:2:1-9:12
MERGED from [:OVRPlugin:] AndroidManifest.xml:2:1-9:12
INJECTED from src/main/AndroidManifest.xml:2:1-5:12
INJECTED from src/main/AndroidManifest.xml:2:1-5:12
INJECTED from src/main/AndroidManifest.xml:2:1-5:12
	package
		ADDED from src/main/AndroidManifest.xml:2:70-112
		INJECTED from src/main/AndroidManifest.xml
		INJECTED from src/main/AndroidManifest.xml
	android:versionName
		INJECTED from src/main/AndroidManifest.xml
		ADDED from src/main/AndroidManifest.xml:2:1-5:12
		INJECTED from src/main/AndroidManifest.xml
	xmlns:tools
		ADDED from src/main/AndroidManifest.xml:2:113-159
	android:versionCode
		INJECTED from src/main/AndroidManifest.xml
		ADDED from src/main/AndroidManifest.xml:2:1-5:12
		INJECTED from src/main/AndroidManifest.xml
	xmlns:android
		ADDED from src/main/AndroidManifest.xml:2:11-69
	android:installLocation
		ADDED from src/main/AndroidManifest.xml:2:160-190
supports-screens
ADDED from src/main/AndroidManifest.xml:3:3-163
	android:largeScreens
		ADDED from src/main/AndroidManifest.xml:3:78-105
	android:smallScreens
		ADDED from src/main/AndroidManifest.xml:3:21-48
	android:normalScreens
		ADDED from src/main/AndroidManifest.xml:3:49-77
	android:xlargeScreens
		ADDED from src/main/AndroidManifest.xml:3:106-134
	android:anyDensity
		ADDED from src/main/AndroidManifest.xml:3:135-160
application
ADDED from src/main/AndroidManifest.xml:4:3-83
MERGED from [:unityLibrary] AndroidManifest.xml:35:5-97:19
MERGED from [:unityLibrary] AndroidManifest.xml:35:5-97:19
	android:extractNativeLibs
		ADDED from [:unityLibrary] AndroidManifest.xml:37:9-41
	android:label
		ADDED from src/main/AndroidManifest.xml:4:16-48
	android:allowBackup
		ADDED from [:unityLibrary] AndroidManifest.xml:36:9-36
	android:icon
		ADDED from src/main/AndroidManifest.xml:4:49-80
	android:networkSecurityConfig
		ADDED from [:unityLibrary] AndroidManifest.xml:40:9-64
uses-sdk
INJECTED from src/main/AndroidManifest.xml reason: use-sdk injection requested
INJECTED from src/main/AndroidManifest.xml
INJECTED from src/main/AndroidManifest.xml
MERGED from [:unityLibrary] AndroidManifest.xml:9:5-11:41
MERGED from [:unityLibrary] AndroidManifest.xml:9:5-11:41
MERGED from [:InteractionSdk:] AndroidManifest.xml:7:5-47
MERGED from [:InteractionSdk:] AndroidManifest.xml:7:5-47
MERGED from [:OVRPlugin:] AndroidManifest.xml:7:5-47
MERGED from [:OVRPlugin:] AndroidManifest.xml:7:5-47
INJECTED from src/main/AndroidManifest.xml
INJECTED from src/main/AndroidManifest.xml
	android:targetSdkVersion
		INJECTED from src/main/AndroidManifest.xml
		ADDED from src/main/AndroidManifest.xml
		INJECTED from src/main/AndroidManifest.xml
	android:minSdkVersion
		INJECTED from src/main/AndroidManifest.xml
		ADDED from src/main/AndroidManifest.xml
		MERGED from src/main/AndroidManifest.xml
		MERGED from src/main/AndroidManifest.xml
		INJECTED from src/main/AndroidManifest.xml
uses-feature#0x00030000
ADDED from [:unityLibrary] AndroidManifest.xml:13:5-54
	android:glEsVersion
		ADDED from [:unityLibrary] AndroidManifest.xml:13:19-51
uses-feature#android.hardware.vulkan.version
ADDED from [:unityLibrary] AndroidManifest.xml:14:5-16:36
	android:required
		ADDED from [:unityLibrary] AndroidManifest.xml:16:9-33
	android:name
		ADDED from [:unityLibrary] AndroidManifest.xml:15:9-55
uses-permission#android.permission.INTERNET
ADDED from [:unityLibrary] AndroidManifest.xml:18:5-67
	android:name
		ADDED from [:unityLibrary] AndroidManifest.xml:18:22-64
uses-permission#android.permission.ACCESS_NETWORK_STATE
ADDED from [:unityLibrary] AndroidManifest.xml:19:5-79
	android:name
		ADDED from [:unityLibrary] AndroidManifest.xml:19:22-76
uses-feature#android.hardware.touchscreen
ADDED from [:unityLibrary] AndroidManifest.xml:21:5-23:36
	android:required
		ADDED from [:unityLibrary] AndroidManifest.xml:23:9-33
	android:name
		ADDED from [:unityLibrary] AndroidManifest.xml:22:9-52
uses-feature#android.hardware.touchscreen.multitouch
ADDED from [:unityLibrary] AndroidManifest.xml:24:5-26:36
	android:required
		ADDED from [:unityLibrary] AndroidManifest.xml:26:9-33
	android:name
		ADDED from [:unityLibrary] AndroidManifest.xml:25:9-63
uses-feature#android.hardware.touchscreen.multitouch.distinct
ADDED from [:unityLibrary] AndroidManifest.xml:27:5-29:36
	android:required
		ADDED from [:unityLibrary] AndroidManifest.xml:29:9-33
	android:name
		ADDED from [:unityLibrary] AndroidManifest.xml:28:9-72
uses-feature#android.hardware.vr.headtracking
ADDED from [:unityLibrary] AndroidManifest.xml:30:5-33:31
	android:version
		ADDED from [:unityLibrary] AndroidManifest.xml:33:9-28
	android:required
		ADDED from [:unityLibrary] AndroidManifest.xml:32:9-32
	android:name
		ADDED from [:unityLibrary] AndroidManifest.xml:31:9-56
activity#com.unity3d.player.UnityPlayerActivity
ADDED from [:unityLibrary] AndroidManifest.xml:41:9-65:20
	android:screenOrientation
		ADDED from [:unityLibrary] AndroidManifest.xml:47:13-50
	android:launchMode
		ADDED from [:unityLibrary] AndroidManifest.xml:45:13-44
	android:hardwareAccelerated
		ADDED from [:unityLibrary] AndroidManifest.xml:44:13-48
	android:resizeableActivity
		ADDED from [:unityLibrary] AndroidManifest.xml:46:13-47
	android:configChanges
		ADDED from [:unityLibrary] AndroidManifest.xml:43:13-114
	android:theme
		ADDED from [:unityLibrary] AndroidManifest.xml:48:13-77
	android:name
		ADDED from [:unityLibrary] AndroidManifest.xml:42:13-66
intent-filter#action:name:android.intent.action.MAIN+category:name:android.intent.category.LAUNCHER+category:name:com.oculus.intent.category.VR
ADDED from [:unityLibrary] AndroidManifest.xml:49:13-54:29
action#android.intent.action.MAIN
ADDED from [:unityLibrary] AndroidManifest.xml:50:17-69
	android:name
		ADDED from [:unityLibrary] AndroidManifest.xml:50:25-66
category#android.intent.category.LAUNCHER
ADDED from [:unityLibrary] AndroidManifest.xml:52:17-77
	android:name
		ADDED from [:unityLibrary] AndroidManifest.xml:52:27-74
category#com.oculus.intent.category.VR
ADDED from [:unityLibrary] AndroidManifest.xml:53:17-74
	android:name
		ADDED from [:unityLibrary] AndroidManifest.xml:53:27-71
meta-data#unityplayer.UnityActivity
ADDED from [:unityLibrary] AndroidManifest.xml:56:13-58:40
	android:value
		ADDED from [:unityLibrary] AndroidManifest.xml:58:17-37
	android:name
		ADDED from [:unityLibrary] AndroidManifest.xml:57:17-57
meta-data#android.notch_support
ADDED from [:unityLibrary] AndroidManifest.xml:59:13-61:40
	android:value
		ADDED from [:unityLibrary] AndroidManifest.xml:61:17-37
	android:name
		ADDED from [:unityLibrary] AndroidManifest.xml:60:17-53
meta-data#com.oculus.vr.focusaware
ADDED from [:unityLibrary] AndroidManifest.xml:62:13-64:40
	android:value
		ADDED from [:unityLibrary] AndroidManifest.xml:64:17-37
	android:name
		ADDED from [:unityLibrary] AndroidManifest.xml:63:17-56
meta-data#unity.splash-mode
ADDED from [:unityLibrary] AndroidManifest.xml:67:9-69:33
	android:value
		ADDED from [:unityLibrary] AndroidManifest.xml:69:13-30
	android:name
		ADDED from [:unityLibrary] AndroidManifest.xml:68:13-45
meta-data#unity.splash-enable
ADDED from [:unityLibrary] AndroidManifest.xml:70:9-72:36
	android:value
		ADDED from [:unityLibrary] AndroidManifest.xml:72:13-33
	android:name
		ADDED from [:unityLibrary] AndroidManifest.xml:71:13-47
meta-data#unity.launch-fullscreen
ADDED from [:unityLibrary] AndroidManifest.xml:73:9-75:36
	android:value
		ADDED from [:unityLibrary] AndroidManifest.xml:75:13-33
	android:name
		ADDED from [:unityLibrary] AndroidManifest.xml:74:13-51
meta-data#unity.allow-resizable-window
ADDED from [:unityLibrary] AndroidManifest.xml:76:9-78:37
	android:value
		ADDED from [:unityLibrary] AndroidManifest.xml:78:13-34
	android:name
		ADDED from [:unityLibrary] AndroidManifest.xml:77:13-56
meta-data#notch.config
ADDED from [:unityLibrary] AndroidManifest.xml:79:9-81:50
	android:value
		ADDED from [:unityLibrary] AndroidManifest.xml:81:13-47
	android:name
		ADDED from [:unityLibrary] AndroidManifest.xml:80:13-40
meta-data#com.samsung.android.vr.application.mode
ADDED from [:unityLibrary] AndroidManifest.xml:82:9-84:39
	android:value
		ADDED from [:unityLibrary] AndroidManifest.xml:84:13-36
	android:name
		ADDED from [:unityLibrary] AndroidManifest.xml:83:13-67
meta-data#com.unity.xr.oculus.LowOverheadMode
ADDED from [:unityLibrary] AndroidManifest.xml:85:9-87:37
	android:value
		ADDED from [:unityLibrary] AndroidManifest.xml:87:13-34
	android:name
		ADDED from [:unityLibrary] AndroidManifest.xml:86:13-63
meta-data#com.unity.xr.oculus.LateLatching
ADDED from [:unityLibrary] AndroidManifest.xml:88:9-90:37
	android:value
		ADDED from [:unityLibrary] AndroidManifest.xml:90:13-34
	android:name
		ADDED from [:unityLibrary] AndroidManifest.xml:89:13-60
meta-data#com.unity.xr.oculus.LateLatchingDebug
ADDED from [:unityLibrary] AndroidManifest.xml:91:9-93:37
	android:value
		ADDED from [:unityLibrary] AndroidManifest.xml:93:13-34
	android:name
		ADDED from [:unityLibrary] AndroidManifest.xml:92:13-65
meta-data#com.oculus.supportedDevices
ADDED from [:unityLibrary] AndroidManifest.xml:94:9-96:44
	android:value
		ADDED from [:unityLibrary] AndroidManifest.xml:96:13-41
	android:name
		ADDED from [:unityLibrary] AndroidManifest.xml:95:13-55